<?xml version="1.0" encoding="UTF-8"?>
<testsuite name="com.bl.employee_payroll_service_test.NIOFileAPITest" tests="1" skipped="0" failures="0" errors="0" timestamp="2022-07-06T02:09:42" hostname="LAPTOP-3PCP8SDM" time="0.089">
  <properties/>
  <testcase name="givenPathName_WhenChecked_ThenConfirm()" classname="com.bl.employee_payroll_service_test.NIOFileAPITest" time="0.089"/>
  <system-out><![CDATA[C:\Users\nk400\PlayGround\temp1
C:\Users\nk400\PlayGround\temp2
C:\Users\nk400\PlayGround\temp3
C:\Users\nk400\PlayGround\temp4
C:\Users\nk400\PlayGround\temp5
C:\Users\nk400\PlayGround\temp6
C:\Users\nk400\PlayGround\temp7
C:\Users\nk400\PlayGround\temp8
C:\Users\nk400\PlayGround\temp9
C:\Users\nk400\PlayGround\temp1
C:\Users\nk400\PlayGround\temp2
C:\Users\nk400\PlayGround\temp3
C:\Users\nk400\PlayGround\temp4
C:\Users\nk400\PlayGround\temp5
C:\Users\nk400\PlayGround\temp6
C:\Users\nk400\PlayGround\temp7
C:\Users\nk400\PlayGround\temp8
C:\Users\nk400\PlayGround\temp9
]]></system-out>
  <system-err><![CDATA[]]></system-err>
</testsuite>
